cl : command line  warning D9035: option 'Gm' has been deprecated and will be removed in a future release
  Hover_Racer_Assignment.cpp
C:\Users\e_sid\Desktop\TL-Engine Projects\Hover_Racer_Assignment\Bezier.h(3,10): warning C4067: unexpected tokens following preprocessor directive - expected a newline
C:\Users\e_sid\Desktop\TL-Engine Projects\Hover_Racer_Assignment\Bezier.h(4,10): warning C4067: unexpected tokens following preprocessor directive - expected a newline
C:\Users\e_sid\Desktop\TL-Engine Projects\Hover_Racer_Assignment\Bezier.h(35,12): warning C4244: 'initializing': conversion from 'float' to 'int', possible loss of data
C:\Users\e_sid\Desktop\TL-Engine Projects\Hover_Racer_Assignment\Bezier.h(57,12): warning C4244: 'initializing': conversion from 'float' to 'int', possible loss of data
C:\Users\e_sid\Desktop\TL-Engine Projects\Hover_Racer_Assignment\Bezier.h(83,22): warning C4018: '<': signed/unsigned mismatch
C:\Users\e_sid\Desktop\TL-Engine Projects\Hover_Racer_Assignment\Bezier.h(93,22): warning C4018: '<': signed/unsigned mismatch
C:\Users\e_sid\Desktop\TL-Engine Projects\Hover_Racer_Assignment\Bezier.h(107,23): warning C4018: '<': signed/unsigned mismatch
C:\Users\e_sid\Desktop\TL-Engine Projects\Hover_Racer_Assignment\Bezier.h(116,23): warning C4018: '<': signed/unsigned mismatch
C:\Users\e_sid\Desktop\TL-Engine Projects\Hover_Racer_Assignment\Bezier.h(125,23): warning C4018: '<': signed/unsigned mismatch
C:\Users\e_sid\Desktop\TL-Engine Projects\Hover_Racer_Assignment\Bezier.h(138,12): warning C4244: 'initializing': conversion from 'float' to 'int', possible loss of data
C:\Users\e_sid\Desktop\TL-Engine Projects\Hover_Racer_Assignment\Bezier.h(177,94): warning C4244: 'argument': conversion from 'double' to 'float', possible loss of data
C:\Users\e_sid\Desktop\TL-Engine Projects\Hover_Racer_Assignment\Particles.h(56,24): warning C4018: '<': signed/unsigned mismatch
C:\Users\e_sid\Desktop\TL-Engine Projects\Hover_Racer_Assignment\Hover_Racer_Assignment.cpp(60,35): warning C4244: '=': conversion from 'double' to 'float', possible loss of data
C:\Users\e_sid\Desktop\TL-Engine Projects\Hover_Racer_Assignment\Hover_Racer_Assignment.cpp(65,30): warning C4244: '-=': conversion from 'double' to 'float', possible loss of data
C:\Users\e_sid\Desktop\TL-Engine Projects\Hover_Racer_Assignment\Hover_Racer_Assignment.cpp(71,15): warning C4244: 'initializing': conversion from 'double' to 'float', possible loss of data
C:\Users\e_sid\Desktop\TL-Engine Projects\Hover_Racer_Assignment\Hover_Racer_Assignment.cpp(79,54): warning C4244: '=': conversion from 'double' to 'float', possible loss of data
C:\Users\e_sid\Desktop\TL-Engine Projects\Hover_Racer_Assignment\Hover_Racer_Assignment.cpp(173,43): warning C4244: 'argument': conversion from 'double' to 'float', possible loss of data
  Hover_Racer_Assignment.vcxproj -> C:\Users\e_sid\Desktop\TL-Engine Projects\Hover_Racer_Assignment\Hover_Racer_AssignmentDebug.exe
  Copying DLLs & shaders...
